# file opened: C:\Users\luisx\OneDrive - UFV\curso2\AOC\ejerYpruebas\L34-Parte1\s_n.ASM
 1    0000              S_N:
 2    0000 0E FE            LD C, $FE
 3    0002              SN_BUCLE:
 4    0002 06 FD            LD B, $FD
 5    0004 ED 78            IN A, (C)
 6    0006 CB 4F            BIT 1, A
 7    0008 28 0C            JR Z, SN_S
 8    000A 06 7F            LD B, $7F
 9    000C ED 78            IN A, (C)
10    000E CB 5F            BIT 3, A
11    0010 20 F0            JR NZ, SN_BUCLE
12    0012              SN_N:
13    0012 16 4E            LD D, "N"
14    0014 18 02            JR SN_SEGUIR
15    0016              SN_S:
16    0016 16 53            LD D, "S"
17    0018              SN_SEGUIR:
18    0018 ED 78            IN A, (C)
19    001A E6 1F            AND $1F
20    001C FE 1F            CP $1F
21    001E 20 F8            JR NZ, SN_SEGUIR
22    0020 C9               RET
# file closed: C:\Users\luisx\OneDrive - UFV\curso2\AOC\ejerYpruebas\L34-Parte1\s_n.ASM
